<?xml version="1.0" encoding="UTF-8"?>
<testsuite xmlns:xsi="http://www.w3.org/2001/XMLSchema-instance" xsi:noNamespaceSchemaLocation="https://maven.apache.org/surefire/maven-surefire-plugin/xsd/surefire-test-report-3.0.xsd" version="3.0" name="org.example.AppTest" time="0.026" tests="1" errors="0" skipped="0" failures="0">
  <properties>
    <property name="sun.desktop" value="windows"/>
    <property name="awt.toolkit" value="sun.awt.windows.WToolkit"/>
    <property name="file.encoding.pkg" value="sun.io"/>
    <property name="java.specification.version" value="1.8"/>
    <property name="sun.cpu.isalist" value="amd64"/>
    <property name="sun.jnu.encoding" value="GBK"/>
    <property name="java.class.path" value="D:\软件工程导论\my_project3.1\target\test-classes;D:\软件工程导论\my_project3.1\target\classes;D:\IntelliJ安装包\Maven\LocalWareHouse\junit\junit\4.13.2\junit-4.13.2.jar;D:\IntelliJ安装包\Maven\LocalWareHouse\org\hamcrest\hamcrest-core\1.3\hamcrest-core-1.3.jar;D:\IntelliJ安装包\Maven\LocalWareHouse\com\mysql\mysql-connector-j\8.0.33\mysql-connector-j-8.0.33.jar;D:\IntelliJ安装包\Maven\LocalWareHouse\com\google\protobuf\protobuf-java\3.21.9\protobuf-java-3.21.9.jar;D:\IntelliJ安装包\Maven\LocalWareHouse\com\jgoodies\forms\1.3.0\forms-1.3.0.jar;D:\IntelliJ安装包\Maven\LocalWareHouse\com\tencentcloudapi\tencentcloud-sdk-java-intl-en\3.0.3\tencentcloud-sdk-java-intl-en-3.0.3.jar;D:\IntelliJ安装包\Maven\LocalWareHouse\com\squareup\okhttp\okhttp\2.5.0\okhttp-2.5.0.jar;D:\IntelliJ安装包\Maven\LocalWareHouse\com\squareup\okio\okio\1.6.0\okio-1.6.0.jar;D:\IntelliJ安装包\Maven\LocalWareHouse\com\google\code\gson\gson\2.2.4\gson-2.2.4.jar;D:\IntelliJ安装包\Maven\LocalWareHouse\javax\xml\bind\jaxb-api\2.3.0\jaxb-api-2.3.0.jar;D:\IntelliJ安装包\Maven\LocalWareHouse\com\tencentcloudapi\tencentcloud-sdk-java\3.1.757\tencentcloud-sdk-java-3.1.757.jar;D:\IntelliJ安装包\Maven\LocalWareHouse\commons-logging\commons-logging\1.2\commons-logging-1.2.jar;D:\IntelliJ安装包\Maven\LocalWareHouse\com\squareup\okhttp3\okhttp\3.12.13\okhttp-3.12.13.jar;D:\IntelliJ安装包\Maven\LocalWareHouse\com\squareup\okhttp3\logging-interceptor\3.12.13\logging-interceptor-3.12.13.jar;D:\IntelliJ安装包\Maven\LocalWareHouse\org\ini4j\ini4j\0.5.4\ini4j-0.5.4.jar;"/>
    <property name="java.vm.vendor" value="Oracle Corporation"/>
    <property name="sun.arch.data.model" value="64"/>
    <property name="user.variant" value=""/>
    <property name="java.vendor.url" value="http://java.oracle.com/"/>
    <property name="user.timezone" value="Asia/Shanghai"/>
    <property name="java.vm.specification.version" value="1.8"/>
    <property name="os.name" value="Windows 8.1"/>
    <property name="user.country" value="CN"/>
    <property name="sun.java.launcher" value="SUN_STANDARD"/>
    <property name="sun.boot.library.path" value="C:\Program Files\Java\jdk1.8.0_40\jre\bin"/>
    <property name="sun.java.command" value="C:\Users\lstriver\AppData\Local\Temp\surefire2825877845181759624\surefirebooter-20230928155051743_3.jar C:\Users\lstriver\AppData\Local\Temp\surefire2825877845181759624 2023-09-28T15-50-51_115-jvmRun1 surefire-20230928155051743_1tmp surefire_0-20230928155051743_2tmp"/>
    <property name="surefire.test.class.path" value="D:\软件工程导论\my_project3.1\target\test-classes;D:\软件工程导论\my_project3.1\target\classes;D:\IntelliJ安装包\Maven\LocalWareHouse\junit\junit\4.13.2\junit-4.13.2.jar;D:\IntelliJ安装包\Maven\LocalWareHouse\org\hamcrest\hamcrest-core\1.3\hamcrest-core-1.3.jar;D:\IntelliJ安装包\Maven\LocalWareHouse\com\mysql\mysql-connector-j\8.0.33\mysql-connector-j-8.0.33.jar;D:\IntelliJ安装包\Maven\LocalWareHouse\com\google\protobuf\protobuf-java\3.21.9\protobuf-java-3.21.9.jar;D:\IntelliJ安装包\Maven\LocalWareHouse\com\jgoodies\forms\1.3.0\forms-1.3.0.jar;D:\IntelliJ安装包\Maven\LocalWareHouse\com\tencentcloudapi\tencentcloud-sdk-java-intl-en\3.0.3\tencentcloud-sdk-java-intl-en-3.0.3.jar;D:\IntelliJ安装包\Maven\LocalWareHouse\com\squareup\okhttp\okhttp\2.5.0\okhttp-2.5.0.jar;D:\IntelliJ安装包\Maven\LocalWareHouse\com\squareup\okio\okio\1.6.0\okio-1.6.0.jar;D:\IntelliJ安装包\Maven\LocalWareHouse\com\google\code\gson\gson\2.2.4\gson-2.2.4.jar;D:\IntelliJ安装包\Maven\LocalWareHouse\javax\xml\bind\jaxb-api\2.3.0\jaxb-api-2.3.0.jar;D:\IntelliJ安装包\Maven\LocalWareHouse\com\tencentcloudapi\tencentcloud-sdk-java\3.1.757\tencentcloud-sdk-java-3.1.757.jar;D:\IntelliJ安装包\Maven\LocalWareHouse\commons-logging\commons-logging\1.2\commons-logging-1.2.jar;D:\IntelliJ安装包\Maven\LocalWareHouse\com\squareup\okhttp3\okhttp\3.12.13\okhttp-3.12.13.jar;D:\IntelliJ安装包\Maven\LocalWareHouse\com\squareup\okhttp3\logging-interceptor\3.12.13\logging-interceptor-3.12.13.jar;D:\IntelliJ安装包\Maven\LocalWareHouse\org\ini4j\ini4j\0.5.4\ini4j-0.5.4.jar;"/>
    <property name="sun.cpu.endian" value="little"/>
    <property name="user.home" value="C:\Users\lstriver"/>
    <property name="user.language" value="zh"/>
    <property name="java.specification.vendor" value="Oracle Corporation"/>
    <property name="java.home" value="C:\Program Files\Java\jdk1.8.0_40\jre"/>
    <property name="basedir" value="D:\软件工程导论\my_project3.1"/>
    <property name="file.separator" value="\"/>
    <property name="line.separator" value="&#10;"/>
    <property name="java.vm.specification.vendor" value="Oracle Corporation"/>
    <property name="java.specification.name" value="Java Platform API Specification"/>
    <property name="java.awt.graphicsenv" value="sun.awt.Win32GraphicsEnvironment"/>
    <property name="surefire.real.class.path" value="C:\Users\lstriver\AppData\Local\Temp\surefire2825877845181759624\surefirebooter-20230928155051743_3.jar"/>
    <property name="sun.boot.class.path" value="C:\Program Files\Java\jdk1.8.0_40\jre\lib\resources.jar;C:\Program Files\Java\jdk1.8.0_40\jre\lib\rt.jar;C:\Program Files\Java\jdk1.8.0_40\jre\lib\sunrsasign.jar;C:\Program Files\Java\jdk1.8.0_40\jre\lib\jsse.jar;C:\Program Files\Java\jdk1.8.0_40\jre\lib\jce.jar;C:\Program Files\Java\jdk1.8.0_40\jre\lib\charsets.jar;C:\Program Files\Java\jdk1.8.0_40\jre\lib\jfr.jar;C:\Program Files\Java\jdk1.8.0_40\jre\classes"/>
    <property name="user.script" value=""/>
    <property name="sun.management.compiler" value="HotSpot 64-Bit Tiered Compilers"/>
    <property name="java.runtime.version" value="1.8.0_40-b25"/>
    <property name="user.name" value="lstriver"/>
    <property name="path.separator" value=";"/>
    <property name="os.version" value="6.3"/>
    <property name="java.endorsed.dirs" value="C:\Program Files\Java\jdk1.8.0_40\jre\lib\endorsed"/>
    <property name="java.runtime.name" value="Java(TM) SE Runtime Environment"/>
    <property name="file.encoding" value="GBK"/>
    <property name="java.vm.name" value="Java HotSpot(TM) 64-Bit Server VM"/>
    <property name="localRepository" value="D:\IntelliJ安装包\Maven\LocalWareHouse"/>
    <property name="java.vendor.url.bug" value="http://bugreport.sun.com/bugreport/"/>
    <property name="java.io.tmpdir" value="C:\Users\lstriver\AppData\Local\Temp\"/>
    <property name="idea.version" value="2022.2.2"/>
    <property name="java.version" value="1.8.0_40"/>
    <property name="user.dir" value="D:\软件工程导论\my_project3.1"/>
    <property name="os.arch" value="amd64"/>
    <property name="java.vm.specification.name" value="Java Virtual Machine Specification"/>
    <property name="java.awt.printerjob" value="sun.awt.windows.WPrinterJob"/>
    <property name="sun.os.patch.level" value=""/>
    <property name="java.library.path" value="C:\Program Files\Java\jdk1.8.0_40\jre\bin;C:\Windows\Sun\Java\bin;C:\Windows\system32;C:\Windows;C:\Program Files (x86)\VMware\VMware Workstation\bin\;C:\ProgramData\Oracle\Java\javapath;C:\Windows\system32;C:\Windows;C:\Windows\System32\Wbem;C:\Windows\System32\WindowsPowerShell\v1.0\;C:\Windows\System32\OpenSSH\;d:\software\quartus\bin;C:\Program Files\Java\jdk1.8.0_40\bin;D:\putty安装包\;C:;Program Files\PuTTY\;D:\MySQL\MySQL Server 8.0\bin;D:\VScode\;D:\VScode\node_global;D:\Git安装包\Git\cmd;D:\IntelliJ安装包\Maven\apache-maven-3.9.4\bin\;%JAVA_HOME%\bin;D:\MySQL\MySQL Shell 8.0\bin\;C:\Users\lstriver\AppData\Local\Microsoft\WindowsApps;D:\ModelSim\win64;C:\Users\lstriver\AppData\Roaming\npm;C:\Users\lstriver\AppData\Local\Programs\Microsoft VS Code\bin;C:\Program Files\Java\jdk1.8.0_40;;."/>
    <property name="java.vm.info" value="mixed mode"/>
    <property name="java.vendor" value="Oracle Corporation"/>
    <property name="java.vm.version" value="25.40-b25"/>
    <property name="java.ext.dirs" value="C:\Program Files\Java\jdk1.8.0_40\jre\lib\ext;C:\Windows\Sun\Java\lib\ext"/>
    <property name="sun.io.unicode.encoding" value="UnicodeLittle"/>
    <property name="maven.repo.local" value="D:\IntelliJ安装包\Maven\LocalWareHouse"/>
    <property name="java.class.version" value="52.0"/>
  </properties>
  <testcase name="testApp" classname="org.example.AppTest" time="0.002"/>
</testsuite>